<?xml version="1.0" encoding="UTF-8"?>
<!-- Generated by org.testng.reporters.JUnitXMLReporter -->
<testsuite hostname="Hedys-MBP.lan" failures="0" tests="3" name="Default test" time="2.843" errors="0" timestamp="21 Apr 2023 20:03:37 GMT">
  <testcase classname="files.DynamicJson" name="deleteBook" time="1.485"/>
  <testcase classname="files.DynamicJson" name="deleteBook" time="0.618"/>
  <testcase classname="files.DynamicJson" name="deleteBook" time="0.727"/>
</testsuite> <!-- Default test -->
