<?xml version="1.0" encoding="UTF-8"?>
<testng-results total="1" passed="1" failed="0" skipped="0">
  <reporter-output>
  </reporter-output>
  <suite started-at="2023-04-19T22:54:58Z" name="Default suite" finished-at="2023-04-19T22:54:58Z" duration-ms="877">
    <groups>
    </groups>
    <test started-at="2023-04-19T22:54:58Z" name="Default test" finished-at="2023-04-19T22:54:58Z" duration-ms="877">
      <class name="SumValidation">
        <test-method signature="sumOfCourses()[pri:0, instance:SumValidation@2ce6c6ec]" started-at="2023-04-19T18:54:58Z" name="sumOfCourses" finished-at="2023-04-19T18:54:58Z" duration-ms="869" status="PASS">
          <reporter-output>
          </reporter-output>
        </test-method> <!-- sumOfCourses -->
      </class> <!-- SumValidation -->
    </test> <!-- Default test -->
  </suite> <!-- Default suite -->
</testng-results>
