<?xml version="1.0" encoding="UTF-8"?>
<testng-results total="3" passed="3" failed="0" skipped="0">
  <reporter-output>
  </reporter-output>
  <suite started-at="2023-04-21T20:03:34Z" name="Default suite" finished-at="2023-04-21T20:03:37Z" duration-ms="2843">
    <groups>
    </groups>
    <test started-at="2023-04-21T20:03:34Z" name="Default test" finished-at="2023-04-21T20:03:37Z" duration-ms="2843">
      <class name="files.DynamicJson">
        <test-method signature="deleteBook(java.lang.String, java.lang.String)[pri:0, instance:files.DynamicJson@19e7a160]" started-at="2023-04-21T16:03:34Z" name="deleteBook" data-provider="BooksData" finished-at="2023-04-21T16:03:35Z" duration-ms="1485" status="PASS">
          <params>
            <param index="0">
              <value>
                <![CDATA[sfdgs]]>
              </value>
            </param>
            <param index="1">
              <value>
                <![CDATA[2738]]>
              </value>
            </param>
          </params>
          <reporter-output>
          </reporter-output>
        </test-method> <!-- deleteBook -->
        <test-method signature="deleteBook(java.lang.String, java.lang.String)[pri:0, instance:files.DynamicJson@19e7a160]" started-at="2023-04-21T16:03:35Z" name="deleteBook" data-provider="BooksData" finished-at="2023-04-21T16:03:36Z" duration-ms="618" status="PASS">
          <params>
            <param index="0">
              <value>
                <![CDATA[giav]]>
              </value>
            </param>
            <param index="1">
              <value>
                <![CDATA[8495]]>
              </value>
            </param>
          </params>
          <reporter-output>
          </reporter-output>
        </test-method> <!-- deleteBook -->
        <test-method signature="deleteBook(java.lang.String, java.lang.String)[pri:0, instance:files.DynamicJson@19e7a160]" started-at="2023-04-21T16:03:36Z" name="deleteBook" data-provider="BooksData" finished-at="2023-04-21T16:03:37Z" duration-ms="727" status="PASS">
          <params>
            <param index="0">
              <value>
                <![CDATA[inabc]]>
              </value>
            </param>
            <param index="1">
              <value>
                <![CDATA[9741]]>
              </value>
            </param>
          </params>
          <reporter-output>
          </reporter-output>
        </test-method> <!-- deleteBook -->
      </class> <!-- files.DynamicJson -->
    </test> <!-- Default test -->
  </suite> <!-- Default suite -->
</testng-results>
